<?xml version="1.0" encoding="UTF-8"?>
<!-- Generated by org.testng.reporters.JUnitReportReporter -->
<testsuite hostname="NAYSAHP" failures="0" tests="1" name="testPackage.TestNG1" time="0.001" errors="0" timestamp="2020-10-18T19:49:36 IST" skipped="0">
  <testcase classname="testPackage.TestNG1" name="dateandTime" time="0.001"/>
  <system-out/>
</testsuite> <!-- testPackage.TestNG1 -->
