<?xml version="1.0" encoding="UTF-8"?>
<!-- Generated by org.testng.reporters.JUnitReportReporter -->
<testsuite hostname="NAYSAHP" failures="0" tests="3" name="testPackage.TelevedConsultationVideo" time="0.006" errors="0" timestamp="2020-10-18T19:49:36 IST" skipped="0">
  <testcase classname="testPackage.TelevedConsultationVideo" name="LoginandgotoAppointmentPage" time="0.003"/>
  <system-out/>
  <testcase classname="testPackage.TelevedConsultationVideo" name="verifyAppointmentPage" time="0.002"/>
  <system-out/>
  <testcase classname="testPackage.TelevedConsultationVideo" name="ChangeDoctoronAppointmentPage" time="0.001"/>
  <system-out/>
</testsuite> <!-- testPackage.TelevedConsultationVideo -->
