<?xml version="1.0" encoding="UTF-8"?>
<!-- Generated by org.testng.reporters.JUnitReportReporter -->
<testsuite hostname="NAYSAHP" failures="0" tests="3" name="testPackage.DataProvide" time="0.004" errors="0" timestamp="2020-10-18T19:49:36 IST" skipped="0">
  <testcase classname="testPackage.DataProvide" name="LoginwithDifferentUserName" time="0.002"/>
  <system-out/>
  <testcase classname="testPackage.DataProvide" name="LoginwithDifferentUserName" time="0.001"/>
  <system-out/>
  <testcase classname="testPackage.DataProvide" name="LoginwithDifferentUserName" time="0.001"/>
  <system-out/>
</testsuite> <!-- testPackage.DataProvide -->
