<?xml version="1.0" encoding="UTF-8"?>
<!-- Generated by org.testng.reporters.JUnitReportReporter -->
<testsuite hostname="NAYSAHP" failures="0" tests="2" name="testPackage.ParamData" time="0.005" errors="0" timestamp="2020-10-18T19:49:36 IST" skipped="0">
  <testcase classname="testPackage.ParamData" name="printURL" time="0.001"/>
  <system-out/>
  <testcase classname="testPackage.ParamData" name="LoginToDemoPortal" time="0.004"/>
  <system-out/>
</testsuite> <!-- testPackage.ParamData -->
